2023-09-17 12:18:51.230 [info] Log level: Info
2023-09-17 12:18:51.231 [info] Validating found git in: "git"
2023-09-17 12:18:51.231 [info] Using git "2.34.1" from "git"
2023-09-17 12:18:51.231 [info] > git rev-parse --show-toplevel [48ms]
2023-09-17 12:18:51.231 [info] fatal: not a git repository (or any of the parent directories): .git
2023-09-17 12:18:51.231 [info] > git rev-parse --show-toplevel [2ms]
2023-09-17 12:18:51.231 [info] > git rev-parse --git-dir --git-common-dir [1ms]
2023-09-17 12:18:51.231 [info] Open repository: /root/django-plotly-dash
2023-09-17 12:18:51.231 [info] > git config --get commit.template [7ms]
2023-09-17 12:18:51.232 [info] > git rev-parse --show-toplevel [12ms]
2023-09-17 12:18:51.232 [info] fatal: not a git repository (or any of the parent directories): .git
2023-09-17 12:18:51.232 [info] > git for-each-ref --format=%(refname)%00%(upstream:short)%00%(objectname)%00%(upstream:track)%00%(upstream:remotename)%00%(upstream:remoteref) refs/heads/master refs/remotes/master [14ms]
2023-09-17 12:18:51.232 [info] > git rev-parse --show-toplevel [133ms]
2023-09-17 12:18:51.232 [info] fatal: not a git repository (or any of the parent directories): .git
2023-09-17 12:18:51.232 [info] > git status -z -uall [136ms]
2023-09-17 12:18:51.249 [info] > git rev-parse --show-toplevel [38ms]
2023-09-17 12:18:51.249 [info] fatal: not a git repository (or any of the parent directories): .git
2023-09-17 12:18:51.270 [info] > git config --get commit.template [22ms]
2023-09-17 12:18:51.282 [info] > git rev-parse --show-toplevel [23ms]
2023-09-17 12:18:51.283 [info] fatal: not a git repository (or any of the parent directories): .git
2023-09-17 12:18:51.293 [info] > git for-each-ref --format=%(refname)%00%(upstream:short)%00%(objectname)%00%(upstream:track)%00%(upstream:remotename)%00%(upstream:remoteref) refs/heads/master refs/remotes/master [24ms]
2023-09-17 12:18:51.304 [info] > git rev-parse --show-toplevel [12ms]
2023-09-17 12:18:51.304 [info] fatal: not a git repository (or any of the parent directories): .git
2023-09-17 12:18:51.314 [info] > git status -z -uall [12ms]
2023-09-17 12:18:51.576 [info] > git show --textconv :README.md [7ms]
2023-09-17 12:18:51.578 [info] > git ls-files --stage -- /root/django-plotly-dash/README.md [3ms]
2023-09-17 12:18:51.587 [info] > git cat-file -s 9ed918346516de3c18dfd0231a7d23823ba9ab70 [3ms]
2023-09-17 12:18:51.821 [info] > git check-ignore -v -z --stdin [1ms]
2023-09-17 12:19:33.975 [info] > git check-ignore -v -z --stdin [1ms]
2023-09-17 12:19:38.322 [info] > git check-ignore -v -z --stdin [1ms]
2023-09-17 12:19:50.809 [info] > git show --textconv :setup.py [6ms]
2023-09-17 12:19:50.810 [info] > git ls-files --stage -- /root/django-plotly-dash/setup.py [2ms]
2023-09-17 12:19:50.816 [info] > git cat-file -s 00fff9cd2ef770d2aeb99b616c8bc4b6e4139562 [1ms]
2023-09-17 12:19:52.093 [info] > git show --textconv :requirements.yaml [6ms]
2023-09-17 12:19:52.094 [info] > git ls-files --stage -- /root/django-plotly-dash/requirements.yaml [2ms]
2023-09-17 12:19:52.102 [info] > git cat-file -s 1d7bce2e79bd4ef142df34155bbe30d1eab3d15d [4ms]
2023-09-17 12:19:52.707 [info] > git show --textconv :requirements.txt [5ms]
2023-09-17 12:19:52.708 [info] > git ls-files --stage -- /root/django-plotly-dash/requirements.txt [1ms]
2023-09-17 12:19:52.716 [info] > git cat-file -s 8ec915b6e48e59ef732284fb749f3af9dc8d219f [2ms]
2023-09-17 12:19:53.160 [info] > git show --textconv :README.md [5ms]
2023-09-17 12:19:53.161 [info] > git ls-files --stage -- /root/django-plotly-dash/README.md [2ms]
2023-09-17 12:19:53.167 [info] > git cat-file -s 9ed918346516de3c18dfd0231a7d23823ba9ab70 [1ms]
2023-09-17 12:19:53.628 [info] > git show --textconv :pylintrc [6ms]
2023-09-17 12:19:53.629 [info] > git ls-files --stage -- /root/django-plotly-dash/pylintrc [2ms]
2023-09-17 12:19:53.637 [info] > git cat-file -s fa055d43d40efaf94974829af184e2bedf719269 [2ms]
2023-09-17 12:19:54.004 [info] > git show --textconv :README.md [6ms]
2023-09-17 12:19:54.006 [info] > git ls-files --stage -- /root/django-plotly-dash/README.md [1ms]
2023-09-17 12:19:54.013 [info] > git cat-file -s 9ed918346516de3c18dfd0231a7d23823ba9ab70 [2ms]
2023-09-17 12:20:08.481 [info] > git check-ignore -v -z --stdin [1ms]
2023-09-17 12:20:08.768 [info] > git config --get commit.template [9ms]
2023-09-17 12:20:08.769 [info] > git for-each-ref --format=%(refname)%00%(upstream:short)%00%(objectname)%00%(upstream:track)%00%(upstream:remotename)%00%(upstream:remoteref) refs/heads/master refs/remotes/master [2ms]
2023-09-17 12:20:08.780 [info] > git status -z -uall [3ms]
2023-09-17 12:20:59.914 [info] > git config --get commit.template [7ms]
2023-09-17 12:20:59.916 [info] > git for-each-ref --format=%(refname)%00%(upstream:short)%00%(objectname)%00%(upstream:track)%00%(upstream:remotename)%00%(upstream:remoteref) refs/heads/master refs/remotes/master [2ms]
2023-09-17 12:20:59.925 [info] > git status -z -uall [4ms]
2023-09-17 12:21:04.946 [info] > git config --get commit.template [10ms]
2023-09-17 12:21:04.949 [info] > git for-each-ref --format=%(refname)%00%(upstream:short)%00%(objectname)%00%(upstream:track)%00%(upstream:remotename)%00%(upstream:remoteref) refs/heads/master refs/remotes/master [2ms]
2023-09-17 12:21:04.964 [info] > git status -z -uall [5ms]
2023-09-17 12:21:09.999 [info] > git config --get commit.template [18ms]
2023-09-17 12:21:10.037 [info] > git for-each-ref --format=%(refname)%00%(upstream:short)%00%(objectname)%00%(upstream:track)%00%(upstream:remotename)%00%(upstream:remoteref) refs/heads/master refs/remotes/master [37ms]
2023-09-17 12:21:10.059 [info] > git status -z -uall [3ms]
2023-09-17 12:21:17.905 [info] > git config --get commit.template [10ms]
2023-09-17 12:21:17.908 [info] > git for-each-ref --format=%(refname)%00%(upstream:short)%00%(objectname)%00%(upstream:track)%00%(upstream:remotename)%00%(upstream:remoteref) refs/heads/master refs/remotes/master [4ms]
2023-09-17 12:21:17.923 [info] > git status -z -uall [7ms]
2023-09-17 12:21:54.325 [info] > git check-ignore -v -z --stdin [1ms]
2023-09-17 12:21:54.407 [info] > git config --get commit.template [1ms]
2023-09-17 12:21:54.414 [info] > git for-each-ref --format=%(refname)%00%(upstream:short)%00%(objectname)%00%(upstream:track)%00%(upstream:remotename)%00%(upstream:remoteref) refs/heads/master refs/remotes/master [1ms]
2023-09-17 12:21:54.423 [info] > git status -z -uall [4ms]
2023-09-17 12:22:27.834 [info] > git config --get commit.template [8ms]
2023-09-17 12:22:27.836 [info] > git for-each-ref --format=%(refname)%00%(upstream:short)%00%(objectname)%00%(upstream:track)%00%(upstream:remotename)%00%(upstream:remoteref) refs/heads/master refs/remotes/master [3ms]
2023-09-17 12:22:27.846 [info] > git status -z -uall [5ms]
2023-09-17 12:23:11.921 [info] > git config --get commit.template [5ms]
2023-09-17 12:23:11.922 [info] > git for-each-ref --format=%(refname)%00%(upstream:short)%00%(objectname)%00%(upstream:track)%00%(upstream:remotename)%00%(upstream:remoteref) refs/heads/master refs/remotes/master [1ms]
2023-09-17 12:23:11.930 [info] > git status -z -uall [3ms]
2023-09-17 12:23:16.947 [info] > git config --get commit.template [8ms]
2023-09-17 12:23:16.947 [info] > git for-each-ref --format=%(refname)%00%(upstream:short)%00%(objectname)%00%(upstream:track)%00%(upstream:remotename)%00%(upstream:remoteref) refs/heads/master refs/remotes/master [1ms]
2023-09-17 12:23:16.956 [info] > git status -z -uall [3ms]
2023-09-17 12:23:20.743 [info] > git show --textconv :prepare_demo [7ms]
2023-09-17 12:23:20.744 [info] > git ls-files --stage -- /root/django-plotly-dash/prepare_demo [2ms]
2023-09-17 12:23:20.752 [info] > git cat-file -s 0eec48ba543396894443dc18f22c44dc79947934 [1ms]
2023-09-17 12:23:27.322 [info] > git check-ignore -v -z --stdin [1ms]
2023-09-17 12:23:56.619 [info] > git check-ignore -v -z --stdin [0ms]
2023-09-17 12:23:58.499 [info] > git check-ignore -v -z --stdin [1ms]
2023-09-17 12:24:01.711 [info] > git show --textconv :demo/demo/templates/demo_one.html [11ms]
2023-09-17 12:24:01.714 [info] > git ls-files --stage -- /root/django-plotly-dash/demo/demo/templates/demo_one.html [4ms]
2023-09-17 12:24:01.725 [info] > git cat-file -s 2d9ecb26cc553293beda1af34ce5ac79d1bcb6d6 [2ms]
2023-09-17 12:24:09.421 [info] > git check-ignore -v -z --stdin [2ms]
2023-09-17 12:24:16.383 [info] > git show --textconv :demo/demo/plotly_apps.py [6ms]
2023-09-17 12:24:16.384 [info] > git ls-files --stage -- /root/django-plotly-dash/demo/demo/plotly_apps.py [2ms]
2023-09-17 12:24:16.391 [info] > git cat-file -s 52ef3ee21f8cfce98f74dd5b644449977b44aebc [1ms]
2023-09-17 12:24:18.052 [info] > git show --textconv :demo/demo/dash_apps.py [7ms]
2023-09-17 12:24:18.053 [info] > git ls-files --stage -- /root/django-plotly-dash/demo/demo/dash_apps.py [2ms]
2023-09-17 12:24:18.060 [info] > git cat-file -s 94a6e6be08d3e0542f8439d1418adfd2fa803c77 [1ms]
2023-09-17 12:24:36.863 [info] > git show --textconv :demo/demo/plotly_apps.py [7ms]
2023-09-17 12:24:36.864 [info] > git ls-files --stage -- /root/django-plotly-dash/demo/demo/plotly_apps.py [2ms]
2023-09-17 12:24:36.872 [info] > git cat-file -s 52ef3ee21f8cfce98f74dd5b644449977b44aebc [2ms]
2023-09-17 12:24:43.739 [info] > git config --get commit.template [9ms]
2023-09-17 12:24:43.740 [info] > git for-each-ref --format=%(refname)%00%(upstream:short)%00%(objectname)%00%(upstream:track)%00%(upstream:remotename)%00%(upstream:remoteref) refs/heads/master refs/remotes/master [3ms]
2023-09-17 12:24:43.759 [info] > git status -z -uall [13ms]
2023-09-17 12:24:48.772 [info] > git config --get commit.template [1ms]
2023-09-17 12:24:48.779 [info] > git for-each-ref --format=%(refname)%00%(upstream:short)%00%(objectname)%00%(upstream:track)%00%(upstream:remotename)%00%(upstream:remoteref) refs/heads/master refs/remotes/master [1ms]
2023-09-17 12:24:48.789 [info] > git status -z -uall [4ms]
2023-09-17 12:25:41.937 [info] > git config --get commit.template [8ms]
2023-09-17 12:25:41.937 [info] > git for-each-ref --format=%(refname)%00%(upstream:short)%00%(objectname)%00%(upstream:track)%00%(upstream:remotename)%00%(upstream:remoteref) refs/heads/master refs/remotes/master [1ms]
2023-09-17 12:25:41.948 [info] > git status -z -uall [4ms]
2023-09-17 12:25:48.439 [info] > git config --get commit.template [7ms]
2023-09-17 12:25:48.439 [info] > git for-each-ref --format=%(refname)%00%(upstream:short)%00%(objectname)%00%(upstream:track)%00%(upstream:remotename)%00%(upstream:remoteref) refs/heads/master refs/remotes/master [1ms]
2023-09-17 12:25:48.448 [info] > git status -z -uall [3ms]
2023-09-17 12:25:53.466 [info] > git config --get commit.template [8ms]
2023-09-17 12:25:53.466 [info] > git for-each-ref --format=%(refname)%00%(upstream:short)%00%(objectname)%00%(upstream:track)%00%(upstream:remotename)%00%(upstream:remoteref) refs/heads/master refs/remotes/master [1ms]
2023-09-17 12:25:53.475 [info] > git status -z -uall [3ms]
2023-09-17 12:25:58.493 [info] > git config --get commit.template [8ms]
2023-09-17 12:25:58.493 [info] > git for-each-ref --format=%(refname)%00%(upstream:short)%00%(objectname)%00%(upstream:track)%00%(upstream:remotename)%00%(upstream:remoteref) refs/heads/master refs/remotes/master [1ms]
2023-09-17 12:25:58.505 [info] > git status -z -uall [5ms]
2023-09-17 12:27:01.984 [info] > git show --textconv :prepare_redis [8ms]
2023-09-17 12:27:01.985 [info] > git ls-files --stage -- /root/django-plotly-dash/prepare_redis [2ms]
2023-09-17 12:27:01.993 [info] > git cat-file -s 6f110bc5e83b93d25c9ba2b1328a12435cdc2d28 [1ms]
2023-09-17 12:27:02.543 [info] > git show --textconv :MANIFEST.in [6ms]
2023-09-17 12:27:02.544 [info] > git ls-files --stage -- /root/django-plotly-dash/MANIFEST.in [2ms]
2023-09-17 12:27:02.551 [info] > git cat-file -s ac62188d52f51c75dd296d48ab6cc302210ddae8 [1ms]
2023-09-17 12:27:04.843 [info] > git show --textconv :prepare_demo [6ms]
2023-09-17 12:27:04.844 [info] > git ls-files --stage -- /root/django-plotly-dash/prepare_demo [2ms]
2023-09-17 12:27:04.851 [info] > git cat-file -s 0eec48ba543396894443dc18f22c44dc79947934 [2ms]
2023-09-17 12:27:08.228 [info] > git rev-parse --show-toplevel [2ms]
2023-09-17 12:27:08.228 [info] fatal: not a git repository (or any of the parent directories): .git
2023-09-17 12:27:09.118 [info] > git show --textconv :requirements.yaml [7ms]
2023-09-17 12:27:09.118 [info] > git ls-files --stage -- /root/django-plotly-dash/requirements.yaml [2ms]
2023-09-17 12:27:09.127 [info] > git cat-file -s 1d7bce2e79bd4ef142df34155bbe30d1eab3d15d [1ms]
2023-09-17 12:27:09.782 [info] > git show --textconv :setup.py [8ms]
2023-09-17 12:27:09.784 [info] > git ls-files --stage -- /root/django-plotly-dash/setup.py [2ms]
2023-09-17 12:27:09.792 [info] > git cat-file -s 00fff9cd2ef770d2aeb99b616c8bc4b6e4139562 [1ms]
2023-09-17 12:27:11.102 [info] > git rev-parse --show-toplevel [1ms]
2023-09-17 12:27:11.102 [info] fatal: not a git repository (or any of the parent directories): .git
2023-09-17 12:27:11.990 [info] > git show --textconv :prepare_demo [7ms]
2023-09-17 12:27:11.991 [info] > git ls-files --stage -- /root/django-plotly-dash/prepare_demo [2ms]
2023-09-17 12:27:11.998 [info] > git cat-file -s 0eec48ba543396894443dc18f22c44dc79947934 [1ms]
2023-09-17 12:27:12.402 [info] > git show --textconv :prepare_redis [6ms]
2023-09-17 12:27:12.404 [info] > git ls-files --stage -- /root/django-plotly-dash/prepare_redis [1ms]
2023-09-17 12:27:12.410 [info] > git cat-file -s 6f110bc5e83b93d25c9ba2b1328a12435cdc2d28 [1ms]
2023-09-17 12:27:13.533 [info] > git show --textconv :prepare_demo [8ms]
2023-09-17 12:27:13.533 [info] > git ls-files --stage -- /root/django-plotly-dash/prepare_demo [2ms]
2023-09-17 12:27:13.540 [info] > git cat-file -s 0eec48ba543396894443dc18f22c44dc79947934 [1ms]
2023-09-17 12:27:39.809 [info] > git config --get commit.template [6ms]
2023-09-17 12:27:39.810 [info] > git for-each-ref --format=%(refname)%00%(upstream:short)%00%(objectname)%00%(upstream:track)%00%(upstream:remotename)%00%(upstream:remoteref) refs/heads/master refs/remotes/master [2ms]
2023-09-17 12:27:39.819 [info] > git status -z -uall [4ms]
2023-09-17 12:28:27.033 [info] > git show --textconv :prepare_redis [6ms]
2023-09-17 12:28:27.034 [info] > git ls-files --stage -- /root/django-plotly-dash/prepare_redis [2ms]
2023-09-17 12:28:27.039 [info] > git cat-file -s 6f110bc5e83b93d25c9ba2b1328a12435cdc2d28 [1ms]
2023-09-17 12:28:27.459 [info] > git show --textconv :prepare_demo [6ms]
2023-09-17 12:28:27.460 [info] > git ls-files --stage -- /root/django-plotly-dash/prepare_demo [2ms]
2023-09-17 12:28:27.466 [info] > git cat-file -s 0eec48ba543396894443dc18f22c44dc79947934 [1ms]
2023-09-17 12:28:58.103 [info] > git config --get commit.template [6ms]
2023-09-17 12:28:58.104 [info] > git for-each-ref --format=%(refname)%00%(upstream:short)%00%(objectname)%00%(upstream:track)%00%(upstream:remotename)%00%(upstream:remoteref) refs/heads/master refs/remotes/master [1ms]
2023-09-17 12:28:58.112 [info] > git status -z -uall [3ms]
2023-09-17 12:29:06.538 [info] > git config --get commit.template [6ms]
2023-09-17 12:29:06.538 [info] > git for-each-ref --format=%(refname)%00%(upstream:short)%00%(objectname)%00%(upstream:track)%00%(upstream:remotename)%00%(upstream:remoteref) refs/heads/master refs/remotes/master [1ms]
2023-09-17 12:29:06.546 [info] > git status -z -uall [3ms]
2023-09-17 12:29:51.593 [info] > git config --get commit.template [7ms]
2023-09-17 12:29:51.593 [info] > git for-each-ref --format=%(refname)%00%(upstream:short)%00%(objectname)%00%(upstream:track)%00%(upstream:remotename)%00%(upstream:remoteref) refs/heads/master refs/remotes/master [1ms]
2023-09-17 12:29:51.602 [info] > git status -z -uall [3ms]
2023-09-17 12:30:55.007 [info] > git config --get commit.template [1ms]
2023-09-17 12:30:55.014 [info] > git for-each-ref --format=%(refname)%00%(upstream:short)%00%(objectname)%00%(upstream:track)%00%(upstream:remotename)%00%(upstream:remoteref) refs/heads/master refs/remotes/master [1ms]
2023-09-17 12:30:55.024 [info] > git status -z -uall [4ms]
2023-09-17 12:35:50.238 [info] > git config --get commit.template [1ms]
2023-09-17 12:35:50.245 [info] > git for-each-ref --format=%(refname)%00%(upstream:short)%00%(objectname)%00%(upstream:track)%00%(upstream:remotename)%00%(upstream:remoteref) refs/heads/master refs/remotes/master [1ms]
2023-09-17 12:35:50.254 [info] > git status -z -uall [3ms]
2023-09-17 12:35:56.778 [info] > git show --textconv :demo/demo/templates/demo_one.html [6ms]
2023-09-17 12:35:56.780 [info] > git ls-files --stage -- /root/django-plotly-dash/demo/demo/templates/demo_one.html [1ms]
2023-09-17 12:35:56.786 [info] > git cat-file -s 2d9ecb26cc553293beda1af34ce5ac79d1bcb6d6 [1ms]
2023-09-17 12:36:09.933 [info] > git config --get commit.template [6ms]
2023-09-17 12:36:09.933 [info] > git for-each-ref --format=%(refname)%00%(upstream:short)%00%(objectname)%00%(upstream:track)%00%(upstream:remotename)%00%(upstream:remoteref) refs/heads/master refs/remotes/master [1ms]
2023-09-17 12:36:09.941 [info] > git status -z -uall [3ms]
2023-09-17 12:36:22.740 [info] > git config --get commit.template [1ms]
2023-09-17 12:36:22.748 [info] > git for-each-ref --format=%(refname)%00%(upstream:short)%00%(objectname)%00%(upstream:track)%00%(upstream:remotename)%00%(upstream:remoteref) refs/heads/master refs/remotes/master [1ms]
2023-09-17 12:36:22.757 [info] > git status -z -uall [3ms]
2023-09-17 12:36:53.504 [info] > git config --get commit.template [1ms]
2023-09-17 12:36:53.512 [info] > git for-each-ref --format=%(refname)%00%(upstream:short)%00%(objectname)%00%(upstream:track)%00%(upstream:remotename)%00%(upstream:remoteref) refs/heads/master refs/remotes/master [1ms]
2023-09-17 12:36:53.524 [info] > git status -z -uall [5ms]
2023-09-17 12:37:00.244 [info] > git config --get commit.template [1ms]
2023-09-17 12:37:00.251 [info] > git for-each-ref --format=%(refname)%00%(upstream:short)%00%(objectname)%00%(upstream:track)%00%(upstream:remotename)%00%(upstream:remoteref) refs/heads/master refs/remotes/master [1ms]
2023-09-17 12:37:00.262 [info] > git status -z -uall [4ms]
2023-09-17 12:37:05.278 [info] > git config --get commit.template [7ms]
2023-09-17 12:37:05.279 [info] > git for-each-ref --format=%(refname)%00%(upstream:short)%00%(objectname)%00%(upstream:track)%00%(upstream:remotename)%00%(upstream:remoteref) refs/heads/master refs/remotes/master [2ms]
2023-09-17 12:37:05.295 [info] > git status -z -uall [6ms]
2023-09-17 12:37:15.166 [info] > git config --get commit.template [6ms]
2023-09-17 12:37:15.167 [info] > git for-each-ref --format=%(refname)%00%(upstream:short)%00%(objectname)%00%(upstream:track)%00%(upstream:remotename)%00%(upstream:remoteref) refs/heads/master refs/remotes/master [2ms]
2023-09-17 12:37:15.185 [info] > git status -z -uall [3ms]
2023-09-17 12:37:23.282 [info] > git config --get commit.template [6ms]
2023-09-17 12:37:23.283 [info] > git for-each-ref --format=%(refname)%00%(upstream:short)%00%(objectname)%00%(upstream:track)%00%(upstream:remotename)%00%(upstream:remoteref) refs/heads/master refs/remotes/master [2ms]
2023-09-17 12:37:23.294 [info] > git status -z -uall [5ms]
2023-09-17 12:37:28.324 [info] > git config --get commit.template [1ms]
2023-09-17 12:37:28.333 [info] > git for-each-ref --format=%(refname)%00%(upstream:short)%00%(objectname)%00%(upstream:track)%00%(upstream:remotename)%00%(upstream:remoteref) refs/heads/master refs/remotes/master [1ms]
2023-09-17 12:37:28.343 [info] > git status -z -uall [3ms]
2023-09-17 12:38:14.598 [info] > git config --get commit.template [9ms]
2023-09-17 12:38:14.599 [info] > git for-each-ref --format=%(refname)%00%(upstream:short)%00%(objectname)%00%(upstream:track)%00%(upstream:remotename)%00%(upstream:remoteref) refs/heads/master refs/remotes/master [3ms]
2023-09-17 12:38:14.609 [info] > git status -z -uall [3ms]
2023-09-17 12:38:22.213 [info] > git config --get commit.template [1ms]
2023-09-17 12:38:22.221 [info] > git for-each-ref --format=%(refname)%00%(upstream:short)%00%(objectname)%00%(upstream:track)%00%(upstream:remotename)%00%(upstream:remoteref) refs/heads/master refs/remotes/master [1ms]
2023-09-17 12:38:22.229 [info] > git status -z -uall [3ms]
2023-09-17 12:38:27.590 [info] > git config --get commit.template [6ms]
2023-09-17 12:38:27.590 [info] > git for-each-ref --format=%(refname)%00%(upstream:short)%00%(objectname)%00%(upstream:track)%00%(upstream:remotename)%00%(upstream:remoteref) refs/heads/master refs/remotes/master [1ms]
2023-09-17 12:38:27.600 [info] > git status -z -uall [3ms]
2023-09-17 12:38:32.726 [info] > git config --get commit.template [8ms]
2023-09-17 12:38:32.727 [info] > git for-each-ref --format=%(refname)%00%(upstream:short)%00%(objectname)%00%(upstream:track)%00%(upstream:remotename)%00%(upstream:remoteref) refs/heads/master refs/remotes/master [1ms]
2023-09-17 12:38:32.738 [info] > git status -z -uall [5ms]
2023-09-17 12:38:37.748 [info] > git config --get commit.template [1ms]
2023-09-17 12:38:37.756 [info] > git for-each-ref --format=%(refname)%00%(upstream:short)%00%(objectname)%00%(upstream:track)%00%(upstream:remotename)%00%(upstream:remoteref) refs/heads/master refs/remotes/master [2ms]
2023-09-17 12:38:37.768 [info] > git status -z -uall [5ms]
2023-09-17 12:38:42.777 [info] > git config --get commit.template [1ms]
2023-09-17 12:38:42.785 [info] > git for-each-ref --format=%(refname)%00%(upstream:short)%00%(objectname)%00%(upstream:track)%00%(upstream:remotename)%00%(upstream:remoteref) refs/heads/master refs/remotes/master [1ms]
2023-09-17 12:38:42.794 [info] > git status -z -uall [4ms]
2023-09-17 12:40:32.311 [info] > git config --get commit.template [6ms]
2023-09-17 12:40:32.312 [info] > git for-each-ref --format=%(refname)%00%(upstream:short)%00%(objectname)%00%(upstream:track)%00%(upstream:remotename)%00%(upstream:remoteref) refs/heads/master refs/remotes/master [2ms]
2023-09-17 12:40:32.323 [info] > git status -z -uall [5ms]
2023-09-17 12:40:42.818 [info] > git config --get commit.template [9ms]
2023-09-17 12:40:42.821 [info] > git for-each-ref --format=%(refname)%00%(upstream:short)%00%(objectname)%00%(upstream:track)%00%(upstream:remotename)%00%(upstream:remoteref) refs/heads/master refs/remotes/master [3ms]
2023-09-17 12:40:42.833 [info] > git status -z -uall [5ms]
2023-09-17 12:40:52.366 [info] > git config --get commit.template [1ms]
2023-09-17 12:40:52.385 [info] > git for-each-ref --format=%(refname)%00%(upstream:short)%00%(objectname)%00%(upstream:track)%00%(upstream:remotename)%00%(upstream:remoteref) refs/heads/master refs/remotes/master [1ms]
2023-09-17 12:40:52.403 [info] > git status -z -uall [6ms]
2023-09-17 12:41:23.182 [info] > git config --get commit.template [6ms]
2023-09-17 12:41:23.183 [info] > git for-each-ref --format=%(refname)%00%(upstream:short)%00%(objectname)%00%(upstream:track)%00%(upstream:remotename)%00%(upstream:remoteref) refs/heads/master refs/remotes/master [1ms]
2023-09-17 12:41:23.193 [info] > git status -z -uall [5ms]
2023-09-17 12:41:28.205 [info] > git config --get commit.template [1ms]
2023-09-17 12:41:28.215 [info] > git for-each-ref --format=%(refname)%00%(upstream:short)%00%(objectname)%00%(upstream:track)%00%(upstream:remotename)%00%(upstream:remoteref) refs/heads/master refs/remotes/master [1ms]
2023-09-17 12:41:28.225 [info] > git status -z -uall [3ms]
2023-09-17 12:42:36.095 [info] > git config --get commit.template [7ms]
2023-09-17 12:42:36.095 [info] > git for-each-ref --format=%(refname)%00%(upstream:short)%00%(objectname)%00%(upstream:track)%00%(upstream:remotename)%00%(upstream:remoteref) refs/heads/master refs/remotes/master [1ms]
2023-09-17 12:42:36.104 [info] > git status -z -uall [3ms]
2023-09-17 12:42:41.352 [info] > git config --get commit.template [5ms]
2023-09-17 12:42:41.353 [info] > git for-each-ref --format=%(refname)%00%(upstream:short)%00%(objectname)%00%(upstream:track)%00%(upstream:remotename)%00%(upstream:remoteref) refs/heads/master refs/remotes/master [1ms]
2023-09-17 12:42:41.362 [info] > git status -z -uall [3ms]
2023-09-17 12:42:46.383 [info] > git config --get commit.template [9ms]
2023-09-17 12:42:46.383 [info] > git for-each-ref --format=%(refname)%00%(upstream:short)%00%(objectname)%00%(upstream:track)%00%(upstream:remotename)%00%(upstream:remoteref) refs/heads/master refs/remotes/master [1ms]
2023-09-17 12:42:46.394 [info] > git status -z -uall [4ms]
2023-09-17 12:42:51.407 [info] > git config --get commit.template [6ms]
2023-09-17 12:42:51.407 [info] > git for-each-ref --format=%(refname)%00%(upstream:short)%00%(objectname)%00%(upstream:track)%00%(upstream:remotename)%00%(upstream:remoteref) refs/heads/master refs/remotes/master [1ms]
2023-09-17 12:42:51.415 [info] > git status -z -uall [3ms]
2023-09-17 12:42:54.324 [info] > git show --textconv :demo/demo/templates/base.html [6ms]
2023-09-17 12:42:54.325 [info] > git ls-files --stage -- /root/django-plotly-dash/demo/demo/templates/base.html [1ms]
2023-09-17 12:42:54.332 [info] > git cat-file -s 7426aaa45baf79ed0a50302f6862a1fd2660d843 [1ms]
2023-09-17 12:42:57.430 [info] > git show --textconv :demo/demo/templates/demo_two.html [8ms]
2023-09-17 12:42:57.431 [info] > git ls-files --stage -- /root/django-plotly-dash/demo/demo/templates/demo_two.html [3ms]
2023-09-17 12:42:57.438 [info] > git cat-file -s 7cdc4c1ded4a245ecef7ae5358f2e90e60eddce7 [1ms]
2023-09-17 12:43:29.124 [info] > git config --get commit.template [11ms]
2023-09-17 12:43:29.129 [info] > git for-each-ref --format=%(refname)%00%(upstream:short)%00%(objectname)%00%(upstream:track)%00%(upstream:remotename)%00%(upstream:remoteref) refs/heads/master refs/remotes/master [5ms]
2023-09-17 12:43:29.157 [info] > git status -z -uall [15ms]
2023-09-17 12:43:34.174 [info] > git config --get commit.template [7ms]
2023-09-17 12:43:34.176 [info] > git for-each-ref --format=%(refname)%00%(upstream:short)%00%(objectname)%00%(upstream:track)%00%(upstream:remotename)%00%(upstream:remoteref) refs/heads/master refs/remotes/master [2ms]
2023-09-17 12:43:34.186 [info] > git status -z -uall [4ms]
2023-09-17 12:43:53.825 [info] > git config --get commit.template [1ms]
2023-09-17 12:43:53.832 [info] > git for-each-ref --format=%(refname)%00%(upstream:short)%00%(objectname)%00%(upstream:track)%00%(upstream:remotename)%00%(upstream:remoteref) refs/heads/master refs/remotes/master [1ms]
2023-09-17 12:43:53.841 [info] > git status -z -uall [4ms]
2023-09-17 12:43:59.754 [info] > git config --get commit.template [1ms]
2023-09-17 12:43:59.769 [info] > git for-each-ref --format=%(refname)%00%(upstream:short)%00%(objectname)%00%(upstream:track)%00%(upstream:remotename)%00%(upstream:remoteref) refs/heads/master refs/remotes/master [1ms]
2023-09-17 12:43:59.782 [info] > git status -z -uall [5ms]
2023-09-17 12:46:46.717 [info] > git config --get commit.template [6ms]
2023-09-17 12:46:46.719 [info] > git for-each-ref --format=%(refname)%00%(upstream:short)%00%(objectname)%00%(upstream:track)%00%(upstream:remotename)%00%(upstream:remoteref) refs/heads/master refs/remotes/master [2ms]
2023-09-17 12:46:46.730 [info] > git status -z -uall [5ms]
2023-09-17 12:47:15.692 [info] > git config --get commit.template [6ms]
2023-09-17 12:47:15.692 [info] > git for-each-ref --format=%(refname)%00%(upstream:short)%00%(objectname)%00%(upstream:track)%00%(upstream:remotename)%00%(upstream:remoteref) refs/heads/master refs/remotes/master [1ms]
2023-09-17 12:47:15.703 [info] > git status -z -uall [1ms]
2023-09-17 12:47:16.056 [info] > git show --textconv :demo/demo/templates/demo_seven.html [9ms]
2023-09-17 12:47:16.057 [info] > git ls-files --stage -- /root/django-plotly-dash/demo/demo/templates/demo_seven.html [3ms]
2023-09-17 12:47:16.064 [info] > git cat-file -s 36a88004414a7008f6562cc963061923b3fb693d [1ms]
2023-09-17 12:47:16.752 [info] > git show --textconv :demo/demo/templates/demo_four.html [7ms]
2023-09-17 12:47:16.753 [info] > git ls-files --stage -- /root/django-plotly-dash/demo/demo/templates/demo_four.html [2ms]
2023-09-17 12:47:16.759 [info] > git cat-file -s 22e99136682d48af2321b73b5261a3fde66e61a3 [1ms]
2023-09-17 12:47:17.101 [info] > git show --textconv :demo/demo/templates/demo_five.html [5ms]
2023-09-17 12:47:17.102 [info] > git ls-files --stage -- /root/django-plotly-dash/demo/demo/templates/demo_five.html [1ms]
2023-09-17 12:47:17.110 [info] > git cat-file -s 077944dbf1cd4bf30be62120629a21c4e4c9954e [2ms]
2023-09-17 12:47:20.721 [info] > git config --get commit.template [8ms]
2023-09-17 12:47:20.722 [info] > git for-each-ref --format=%(refname)%00%(upstream:short)%00%(objectname)%00%(upstream:track)%00%(upstream:remotename)%00%(upstream:remoteref) refs/heads/master refs/remotes/master [2ms]
2023-09-17 12:47:20.734 [info] > git status -z -uall [4ms]
2023-09-17 12:47:44.955 [info] > git config --get commit.template [7ms]
2023-09-17 12:47:44.956 [info] > git for-each-ref --format=%(refname)%00%(upstream:short)%00%(objectname)%00%(upstream:track)%00%(upstream:remotename)%00%(upstream:remoteref) refs/heads/master refs/remotes/master [1ms]
2023-09-17 12:47:44.967 [info] > git status -z -uall [3ms]
2023-09-17 12:48:02.697 [info] > git config --get commit.template [7ms]
2023-09-17 12:48:02.697 [info] > git for-each-ref --format=%(refname)%00%(upstream:short)%00%(objectname)%00%(upstream:track)%00%(upstream:remotename)%00%(upstream:remoteref) refs/heads/master refs/remotes/master [1ms]
2023-09-17 12:48:02.707 [info] > git status -z -uall [4ms]
2023-09-17 12:48:07.723 [info] > git config --get commit.template [7ms]
2023-09-17 12:48:07.725 [info] > git for-each-ref --format=%(refname)%00%(upstream:short)%00%(objectname)%00%(upstream:track)%00%(upstream:remotename)%00%(upstream:remoteref) refs/heads/master refs/remotes/master [3ms]
2023-09-17 12:48:07.740 [info] > git status -z -uall [6ms]
2023-09-17 12:48:22.573 [info] > git config --get commit.template [1ms]
2023-09-17 12:48:22.581 [info] > git for-each-ref --format=%(refname)%00%(upstream:short)%00%(objectname)%00%(upstream:track)%00%(upstream:remotename)%00%(upstream:remoteref) refs/heads/master refs/remotes/master [1ms]
2023-09-17 12:48:22.593 [info] > git status -z -uall [4ms]
2023-09-17 12:48:40.599 [info] > git config --get commit.template [7ms]
2023-09-17 12:48:40.600 [info] > git for-each-ref --format=%(refname)%00%(upstream:short)%00%(objectname)%00%(upstream:track)%00%(upstream:remotename)%00%(upstream:remoteref) refs/heads/master refs/remotes/master [2ms]
2023-09-17 12:48:40.609 [info] > git status -z -uall [4ms]
2023-09-17 12:48:45.691 [info] > git config --get commit.template [8ms]
2023-09-17 12:48:45.692 [info] > git for-each-ref --format=%(refname)%00%(upstream:short)%00%(objectname)%00%(upstream:track)%00%(upstream:remotename)%00%(upstream:remoteref) refs/heads/master refs/remotes/master [1ms]
2023-09-17 12:48:45.704 [info] > git status -z -uall [5ms]
2023-09-17 12:48:50.734 [info] > git config --get commit.template [4ms]
2023-09-17 12:48:50.745 [info] > git for-each-ref --format=%(refname)%00%(upstream:short)%00%(objectname)%00%(upstream:track)%00%(upstream:remotename)%00%(upstream:remoteref) refs/heads/master refs/remotes/master [5ms]
2023-09-17 12:48:50.755 [info] > git status -z -uall [3ms]
2023-09-17 12:48:58.755 [info] > git config --get commit.template [7ms]
2023-09-17 12:48:58.756 [info] > git for-each-ref --format=%(refname)%00%(upstream:short)%00%(objectname)%00%(upstream:track)%00%(upstream:remotename)%00%(upstream:remoteref) refs/heads/master refs/remotes/master [1ms]
2023-09-17 12:48:58.765 [info] > git status -z -uall [3ms]
2023-09-17 12:49:05.965 [info] > git config --get commit.template [7ms]
2023-09-17 12:49:05.965 [info] > git for-each-ref --format=%(refname)%00%(upstream:short)%00%(objectname)%00%(upstream:track)%00%(upstream:remotename)%00%(upstream:remoteref) refs/heads/master refs/remotes/master [1ms]
2023-09-17 12:49:05.979 [info] > git status -z -uall [5ms]
2023-09-17 12:49:42.373 [info] > git config --get commit.template [1ms]
2023-09-17 12:49:42.381 [info] > git for-each-ref --format=%(refname)%00%(upstream:short)%00%(objectname)%00%(upstream:track)%00%(upstream:remotename)%00%(upstream:remoteref) refs/heads/master refs/remotes/master [1ms]
2023-09-17 12:49:42.392 [info] > git status -z -uall [5ms]
2023-09-17 12:49:49.736 [info] > git config --get commit.template [5ms]
2023-09-17 12:49:49.736 [info] > git for-each-ref --format=%(refname)%00%(upstream:short)%00%(objectname)%00%(upstream:track)%00%(upstream:remotename)%00%(upstream:remoteref) refs/heads/master refs/remotes/master [1ms]
2023-09-17 12:49:49.746 [info] > git status -z -uall [4ms]
2023-09-17 12:49:58.950 [info] > git config --get commit.template [2ms]
2023-09-17 12:49:58.959 [info] > git for-each-ref --format=%(refname)%00%(upstream:short)%00%(objectname)%00%(upstream:track)%00%(upstream:remotename)%00%(upstream:remoteref) refs/heads/master refs/remotes/master [1ms]
2023-09-17 12:49:58.968 [info] > git status -z -uall [3ms]
2023-09-17 12:50:05.363 [info] > git for-each-ref --format=%(refname)%00%(upstream:short)%00%(objectname)%00%(upstream:track)%00%(upstream:remotename)%00%(upstream:remoteref) refs/heads/master refs/remotes/master [2ms]
2023-09-17 12:50:05.363 [info] > git config --get commit.template [11ms]
2023-09-17 12:50:05.376 [info] > git status -z -uall [4ms]
2023-09-17 12:50:10.392 [info] > git config --get commit.template [7ms]
2023-09-17 12:50:10.392 [info] > git for-each-ref --format=%(refname)%00%(upstream:short)%00%(objectname)%00%(upstream:track)%00%(upstream:remotename)%00%(upstream:remoteref) refs/heads/master refs/remotes/master [1ms]
2023-09-17 12:50:10.400 [info] > git status -z -uall [3ms]
2023-09-17 12:50:20.436 [info] > git config --get commit.template [6ms]
2023-09-17 12:50:20.436 [info] > git for-each-ref --format=%(refname)%00%(upstream:short)%00%(objectname)%00%(upstream:track)%00%(upstream:remotename)%00%(upstream:remoteref) refs/heads/master refs/remotes/master [1ms]
2023-09-17 12:50:20.445 [info] > git status -z -uall [3ms]
2023-09-17 12:50:25.456 [info] > git config --get commit.template [1ms]
2023-09-17 12:50:25.463 [info] > git for-each-ref --format=%(refname)%00%(upstream:short)%00%(objectname)%00%(upstream:track)%00%(upstream:remotename)%00%(upstream:remoteref) refs/heads/master refs/remotes/master [2ms]
2023-09-17 12:50:25.473 [info] > git status -z -uall [4ms]
2023-09-17 12:50:30.488 [info] > git config --get commit.template [7ms]
2023-09-17 12:50:30.488 [info] > git for-each-ref --format=%(refname)%00%(upstream:short)%00%(objectname)%00%(upstream:track)%00%(upstream:remotename)%00%(upstream:remoteref) refs/heads/master refs/remotes/master [1ms]
2023-09-17 12:50:30.500 [info] > git status -z -uall [5ms]
2023-09-17 12:51:48.190 [info] > git config --get commit.template [6ms]
2023-09-17 12:51:48.191 [info] > git for-each-ref --format=%(refname)%00%(upstream:short)%00%(objectname)%00%(upstream:track)%00%(upstream:remotename)%00%(upstream:remoteref) refs/heads/master refs/remotes/master [1ms]
2023-09-17 12:51:48.200 [info] > git status -z -uall [3ms]
2023-09-17 12:52:24.142 [info] > git for-each-ref --format=%(refname)%00%(upstream:short)%00%(objectname)%00%(upstream:track)%00%(upstream:remotename)%00%(upstream:remoteref) refs/heads/master refs/remotes/master [2ms]
2023-09-17 12:52:24.143 [info] > git config --get commit.template [11ms]
2023-09-17 12:52:24.155 [info] > git status -z -uall [4ms]
2023-09-17 12:52:29.173 [info] > git config --get commit.template [7ms]
2023-09-17 12:52:29.173 [info] > git for-each-ref --format=%(refname)%00%(upstream:short)%00%(objectname)%00%(upstream:track)%00%(upstream:remotename)%00%(upstream:remoteref) refs/heads/master refs/remotes/master [1ms]
2023-09-17 12:52:29.183 [info] > git status -z -uall [4ms]
2023-09-17 12:52:30.716 [info] > git show --textconv :demo/demo/templates/base.html [9ms]
2023-09-17 12:52:30.717 [info] > git ls-files --stage -- /root/django-plotly-dash/demo/demo/templates/base.html [2ms]
2023-09-17 12:52:30.726 [info] > git cat-file -s 7426aaa45baf79ed0a50302f6862a1fd2660d843 [1ms]
2023-09-17 12:52:54.646 [info] > git config --get commit.template [8ms]
2023-09-17 12:52:54.648 [info] > git for-each-ref --format=%(refname)%00%(upstream:short)%00%(objectname)%00%(upstream:track)%00%(upstream:remotename)%00%(upstream:remoteref) refs/heads/master refs/remotes/master [2ms]
2023-09-17 12:52:54.660 [info] > git status -z -uall [5ms]
2023-09-17 12:53:12.928 [info] > git config --get commit.template [8ms]
2023-09-17 12:53:12.929 [info] > git for-each-ref --format=%(refname)%00%(upstream:short)%00%(objectname)%00%(upstream:track)%00%(upstream:remotename)%00%(upstream:remoteref) refs/heads/master refs/remotes/master [2ms]
2023-09-17 12:53:12.943 [info] > git status -z -uall [5ms]
2023-09-17 12:55:33.679 [info] > git rev-parse --show-toplevel [1ms]
2023-09-17 12:55:33.687 [info] > git rev-parse --git-dir --git-common-dir [1ms]
2023-09-17 12:55:33.696 [info] Open repository: /root
2023-09-17 12:55:33.704 [info] > git config --get commit.template [1ms]
2023-09-17 12:55:33.710 [info] No remotes found in the git config file.
2023-09-17 12:55:33.712 [info] > git for-each-ref --format=%(refname)%00%(upstream:short)%00%(objectname)%00%(upstream:track)%00%(upstream:remotename)%00%(upstream:remoteref) refs/heads/master refs/remotes/master [2ms]
2023-09-17 12:55:33.748 [info] > git status -z -uall [29ms]
2023-09-17 12:55:34.032 [info] > git config --get commit.template [23ms]
2023-09-17 12:55:34.039 [info] No remotes found in the git config file.
2023-09-17 12:55:34.068 [info] > git for-each-ref --format=%(refname)%00%(upstream:short)%00%(objectname)%00%(upstream:track)%00%(upstream:remotename)%00%(upstream:remoteref) refs/heads/master refs/remotes/master [29ms]
2023-09-17 12:55:34.102 [info] > git status -z -uall [25ms]
2023-09-17 12:55:34.558 [info] > git check-ignore -v -z --stdin [10ms]
2023-09-17 12:55:34.559 [info] > git check-ignore -v -z --stdin [2ms]
2023-09-17 12:55:51.389 [info] > git config --get commit.template [1ms]
2023-09-17 12:55:51.397 [info] No remotes found in the git config file.
2023-09-17 12:55:51.398 [info] > git for-each-ref --format=%(refname)%00%(upstream:short)%00%(objectname)%00%(upstream:track)%00%(upstream:remotename)%00%(upstream:remoteref) refs/heads/master refs/remotes/master [1ms]
2023-09-17 12:55:51.425 [info] > git status -z -uall [20ms]
2023-09-17 12:55:56.466 [info] > git config --get commit.template [2ms]
2023-09-17 12:55:56.474 [info] No remotes found in the git config file.
2023-09-17 12:55:56.475 [info] > git for-each-ref --format=%(refname)%00%(upstream:short)%00%(objectname)%00%(upstream:track)%00%(upstream:remotename)%00%(upstream:remoteref) refs/heads/master refs/remotes/master [1ms]
2023-09-17 12:55:56.516 [info] > git status -z -uall [34ms]
2023-09-17 12:56:01.546 [info] > git config --get commit.template [2ms]
2023-09-17 12:56:01.555 [info] No remotes found in the git config file.
2023-09-17 12:56:01.555 [info] > git for-each-ref --format=%(refname)%00%(upstream:short)%00%(objectname)%00%(upstream:track)%00%(upstream:remotename)%00%(upstream:remoteref) refs/heads/master refs/remotes/master [1ms]
2023-09-17 12:56:01.585 [info] > git status -z -uall [21ms]
2023-09-17 12:56:05.703 [info] > git ls-files --stage -- /root/django-plotly-dash/demo/demo/templates/demo_one.html [10ms]
2023-09-17 12:56:05.712 [info] > git ls-files --stage -- /root/django-plotly-dash/demo/demo/plotly_apps.py [26ms]
2023-09-17 12:56:05.720 [info] > git cat-file -s 2d9ecb26cc553293beda1af34ce5ac79d1bcb6d6 [8ms]
2023-09-17 12:56:05.721 [info] > git ls-files --stage -- /root/django-plotly-dash/demo/demo/templates/base.html [19ms]
2023-09-17 12:56:05.729 [info] > git cat-file -s 52ef3ee21f8cfce98f74dd5b644449977b44aebc [9ms]
2023-09-17 12:56:05.730 [info] > git cat-file -s 7426aaa45baf79ed0a50302f6862a1fd2660d843 [2ms]
2023-09-17 12:56:05.769 [info] > git show --textconv :demo/demo/templates/demo_one.html [15ms]
2023-09-17 12:56:05.770 [info] > git show --textconv :demo/demo/plotly_apps.py [8ms]
2023-09-17 12:56:05.770 [info] > git show --textconv :demo/demo/templates/base.html [1ms]
2023-09-17 12:56:06.615 [info] > git config --get commit.template [1ms]
2023-09-17 12:56:06.623 [info] No remotes found in the git config file.
2023-09-17 12:56:06.624 [info] > git for-each-ref --format=%(refname)%00%(upstream:short)%00%(objectname)%00%(upstream:track)%00%(upstream:remotename)%00%(upstream:remoteref) refs/heads/master refs/remotes/master [0ms]
2023-09-17 12:56:06.651 [info] > git status -z -uall [20ms]
2023-09-17 12:56:11.686 [info] No remotes found in the git config file.
2023-09-17 12:56:11.686 [info] > git for-each-ref --format=%(refname)%00%(upstream:short)%00%(objectname)%00%(upstream:track)%00%(upstream:remotename)%00%(upstream:remoteref) refs/heads/master refs/remotes/master [1ms]
2023-09-17 12:56:11.687 [info] > git config --get commit.template [9ms]
2023-09-17 12:56:11.713 [info] > git status -z -uall [20ms]
2023-09-17 12:56:16.753 [info] No remotes found in the git config file.
2023-09-17 12:56:16.754 [info] > git config --get commit.template [8ms]
2023-09-17 12:56:16.754 [info] > git for-each-ref --format=%(refname)%00%(upstream:short)%00%(objectname)%00%(upstream:track)%00%(upstream:remotename)%00%(upstream:remoteref) refs/heads/master refs/remotes/master [2ms]
2023-09-17 12:56:16.781 [info] > git status -z -uall [19ms]
2023-09-17 12:56:21.818 [info] No remotes found in the git config file.
2023-09-17 12:56:21.819 [info] > git config --get commit.template [11ms]
2023-09-17 12:56:21.819 [info] > git for-each-ref --format=%(refname)%00%(upstream:short)%00%(objectname)%00%(upstream:track)%00%(upstream:remotename)%00%(upstream:remoteref) refs/heads/master refs/remotes/master [1ms]
2023-09-17 12:56:21.848 [info] > git status -z -uall [21ms]
2023-09-17 12:56:26.155 [info] > git ls-files --stage -- /root/django-plotly-dash/demo/demo/templates/demo_one.html [11ms]
2023-09-17 12:56:26.163 [info] > git ls-files --stage -- /root/django-plotly-dash/demo/demo/plotly_apps.py [26ms]
2023-09-17 12:56:26.171 [info] > git cat-file -s 2d9ecb26cc553293beda1af34ce5ac79d1bcb6d6 [9ms]
2023-09-17 12:56:26.172 [info] > git ls-files --stage -- /root/django-plotly-dash/demo/demo/templates/base.html [18ms]
2023-09-17 12:56:26.180 [info] > git cat-file -s 52ef3ee21f8cfce98f74dd5b644449977b44aebc [10ms]
2023-09-17 12:56:26.181 [info] > git cat-file -s 7426aaa45baf79ed0a50302f6862a1fd2660d843 [2ms]
2023-09-17 12:56:26.222 [info] > git show --textconv :demo/demo/templates/demo_one.html [18ms]
2023-09-17 12:56:26.222 [info] > git show --textconv :demo/demo/plotly_apps.py [9ms]
2023-09-17 12:56:26.222 [info] > git show --textconv :demo/demo/templates/base.html [1ms]
2023-09-17 12:56:26.893 [info] No remotes found in the git config file.
2023-09-17 12:56:26.893 [info] > git config --get commit.template [11ms]
2023-09-17 12:56:26.894 [info] > git for-each-ref --format=%(refname)%00%(upstream:short)%00%(objectname)%00%(upstream:track)%00%(upstream:remotename)%00%(upstream:remoteref) refs/heads/main refs/remotes/main [2ms]
2023-09-17 12:56:26.932 [info] > git status -z -uall [29ms]
2023-09-17 12:56:32.054 [info] > git config --get commit.template [1ms]
2023-09-17 12:56:32.063 [info] No remotes found in the git config file.
2023-09-17 12:56:32.064 [info] > git for-each-ref --format=%(refname)%00%(upstream:short)%00%(objectname)%00%(upstream:track)%00%(upstream:remotename)%00%(upstream:remoteref) refs/heads/main refs/remotes/main [1ms]
2023-09-17 12:56:32.093 [info] > git status -z -uall [21ms]
2023-09-17 12:56:35.295 [info] > git ls-files --stage -- /root/django-plotly-dash/demo/demo/templates/demo_one.html [7ms]
2023-09-17 12:56:35.301 [info] > git ls-files --stage -- /root/django-plotly-dash/demo/demo/plotly_apps.py [20ms]
2023-09-17 12:56:35.313 [info] > git cat-file -s 2d9ecb26cc553293beda1af34ce5ac79d1bcb6d6 [12ms]
2023-09-17 12:56:35.314 [info] > git ls-files --stage -- /root/django-plotly-dash/demo/demo/templates/base.html [20ms]
2023-09-17 12:56:35.321 [info] > git cat-file -s 52ef3ee21f8cfce98f74dd5b644449977b44aebc [13ms]
2023-09-17 12:56:35.322 [info] > git cat-file -s 7426aaa45baf79ed0a50302f6862a1fd2660d843 [1ms]
2023-09-17 12:56:35.362 [info] > git show --textconv :demo/demo/templates/demo_one.html [16ms]
2023-09-17 12:56:35.362 [info] > git show --textconv :demo/demo/plotly_apps.py [9ms]
2023-09-17 12:56:35.362 [info] > git show --textconv :demo/demo/templates/base.html [1ms]
2023-09-17 12:56:37.935 [info] > git config --get commit.template [1ms]
2023-09-17 12:56:37.944 [info] > git for-each-ref --format=%(refname)%00%(upstream:short)%00%(objectname)%00%(upstream:track)%00%(upstream:remotename)%00%(upstream:remoteref) refs/heads/main refs/remotes/main [2ms]
2023-09-17 12:56:37.971 [info] > git status -z -uall [20ms]
2023-09-17 12:56:42.998 [info] > git config --get commit.template [1ms]
2023-09-17 12:56:43.006 [info] > git for-each-ref --format=%(refname)%00%(upstream:short)%00%(objectname)%00%(upstream:track)%00%(upstream:remotename)%00%(upstream:remoteref) refs/heads/main refs/remotes/main [1ms]
2023-09-17 12:56:43.032 [info] > git status -z -uall [19ms]
2023-09-17 12:56:48.070 [info] > git for-each-ref --format=%(refname)%00%(upstream:short)%00%(objectname)%00%(upstream:track)%00%(upstream:remotename)%00%(upstream:remoteref) refs/heads/main refs/remotes/main [1ms]
2023-09-17 12:56:48.070 [info] > git config --get commit.template [9ms]
2023-09-17 12:56:48.103 [info] > git status -z -uall [25ms]
2023-09-17 12:56:55.499 [info] > git config --get commit.template [8ms]
2023-09-17 12:56:55.499 [info] > git for-each-ref --format=%(refname)%00%(upstream:short)%00%(objectname)%00%(upstream:track)%00%(upstream:remotename)%00%(upstream:remoteref) refs/heads/main refs/remotes/main [2ms]
2023-09-17 12:56:55.527 [info] > git status -z -uall [21ms]
2023-09-17 12:57:04.440 [info] > git config --get commit.template [1ms]
2023-09-17 12:57:04.450 [info] > git for-each-ref --format=%(refname)%00%(upstream:short)%00%(objectname)%00%(upstream:track)%00%(upstream:remotename)%00%(upstream:remoteref) refs/heads/main refs/remotes/main [2ms]
2023-09-17 12:57:04.481 [info] > git status -z -uall [22ms]
2023-09-17 12:57:09.527 [info] > git config --get commit.template [1ms]
2023-09-17 12:57:09.534 [info] > git for-each-ref --format=%(refname)%00%(upstream:short)%00%(objectname)%00%(upstream:track)%00%(upstream:remotename)%00%(upstream:remoteref) refs/heads/main refs/remotes/main [1ms]
2023-09-17 12:57:09.561 [info] > git status -z -uall [21ms]
2023-09-17 12:57:09.945 [info] > git ls-files --stage -- /root/django-plotly-dash/demo/demo/templates/demo_one.html [11ms]
2023-09-17 12:57:09.955 [info] > git ls-files --stage -- /root/django-plotly-dash/demo/demo/plotly_apps.py [31ms]
2023-09-17 12:57:09.964 [info] > git cat-file -s 2d9ecb26cc553293beda1af34ce5ac79d1bcb6d6 [10ms]
2023-09-17 12:57:09.965 [info] > git ls-files --stage -- /root/django-plotly-dash/demo/demo/templates/base.html [21ms]
2023-09-17 12:57:09.974 [info] > git cat-file -s 52ef3ee21f8cfce98f74dd5b644449977b44aebc [10ms]
2023-09-17 12:57:09.975 [info] > git cat-file -s 7426aaa45baf79ed0a50302f6862a1fd2660d843 [2ms]
2023-09-17 12:57:10.018 [info] > git show --textconv :demo/demo/templates/demo_one.html [19ms]
2023-09-17 12:57:10.018 [info] > git show --textconv :demo/demo/plotly_apps.py [9ms]
2023-09-17 12:57:10.019 [info] > git show --textconv :demo/demo/templates/base.html [2ms]
2023-09-17 12:57:14.610 [info] > git config --get commit.template [10ms]
2023-09-17 12:57:14.610 [info] > git for-each-ref --format=%(refname)%00%(upstream:short)%00%(objectname)%00%(upstream:track)%00%(upstream:remotename)%00%(upstream:remoteref) refs/heads/main refs/remotes/main [1ms]
2023-09-17 12:57:14.640 [info] > git status -z -uall [21ms]
2023-09-17 12:57:19.685 [info] > git config --get commit.template [8ms]
2023-09-17 12:57:19.687 [info] > git for-each-ref --format=%(refname)%00%(upstream:short)%00%(objectname)%00%(upstream:track)%00%(upstream:remotename)%00%(upstream:remoteref) refs/heads/main refs/remotes/main [3ms]
2023-09-17 12:57:19.718 [info] > git status -z -uall [25ms]
2023-09-17 12:57:25.328 [info] > git config --get commit.template [9ms]
2023-09-17 12:57:25.329 [info] > git for-each-ref --format=%(refname)%00%(upstream:short)%00%(objectname)%00%(upstream:track)%00%(upstream:remotename)%00%(upstream:remoteref) refs/heads/main refs/remotes/main [2ms]
2023-09-17 12:57:25.359 [info] > git status -z -uall [22ms]
